<?xml version="1.0" encoding="UTF-8"?>
<testng-results skipped="0" failed="0" ignored="0" total="2" passed="2">
  <reporter-output>
  </reporter-output>
  <suite name="Surefire suite" duration-ms="92" started-at="2022-01-25T21:44:40 IST" finished-at="2022-01-25T21:44:40 IST">
    <groups>
      <group name="regressionTest">
        <method signature="CreateOrgTest.modifyOrgTest()[pri:0, instance:com.crm.comCastOrgTest.CreateOrgTest@482f8f11]" name="modifyOrgTest" class="com.crm.comCastOrgTest.CreateOrgTest"/>
      </group> <!-- regressionTest -->
      <group name="smokeTest">
        <method signature="CreateOrgTest.createOrgTest()[pri:0, instance:com.crm.comCastOrgTest.CreateOrgTest@482f8f11]" name="createOrgTest" class="com.crm.comCastOrgTest.CreateOrgTest"/>
      </group> <!-- smokeTest -->
    </groups>
    <test name="Surefire test" duration-ms="92" started-at="2022-01-25T21:44:40 IST" finished-at="2022-01-25T21:44:40 IST">
      <class name="com.crm.comCastOrgTest.CreateOrgTest">
        <test-method status="PASS" signature="createOrgTest()[pri:0, instance:com.crm.comCastOrgTest.CreateOrgTest@482f8f11]" name="createOrgTest" duration-ms="8" started-at="2022-01-25T21:44:40 IST" finished-at="2022-01-25T21:44:40 IST">
          <reporter-output>
          </reporter-output>
        </test-method> <!-- createOrgTest -->
        <test-method status="PASS" signature="modifyOrgTest()[pri:0, instance:com.crm.comCastOrgTest.CreateOrgTest@482f8f11]" name="modifyOrgTest" duration-ms="0" started-at="2022-01-25T21:44:40 IST" finished-at="2022-01-25T21:44:40 IST">
          <reporter-output>
          </reporter-output>
        </test-method> <!-- modifyOrgTest -->
      </class> <!-- com.crm.comCastOrgTest.CreateOrgTest -->
    </test> <!-- Surefire test -->
  </suite> <!-- Surefire suite -->
</testng-results>
