<?xml version="1.0" encoding="UTF-8"?>
<!-- Generated by org.testng.reporters.JUnitXMLReporter -->
<testsuite hostname="DESKTOP-KEV4HHF" ignored="0" name="Test" tests="4" failures="0" timestamp="2022-01-25T21:28:26 IST" time="0.092" errors="0">
  <testcase name="createContactTest" time="0.013" classname="com.crm.comCastContactTest.CreateContactTest"/>
  <testcase name="modifyContactTest" time="0.002" classname="com.crm.comCastContactTest.CreateContactTest"/>
  <testcase name="createOrgTest" time="0.004" classname="com.crm.comCastOrgTest.CreateOrgTest"/>
  <testcase name="modifyOrgTest" time="0.003" classname="com.crm.comCastOrgTest.CreateOrgTest"/>
</testsuite> <!-- Test -->
