<?xml version="1.0" encoding="UTF-8"?>
<!-- Generated by org.testng.reporters.JUnitXMLReporter -->
<testsuite hostname="DESKTOP-KEV4HHF" ignored="0" name="Test" tests="4" failures="0" timestamp="2022-01-25T21:39:22 IST" time="0.095" errors="0">
  <testcase name="createContactTest" time="0.007" classname="com.crm.comCastContactTest.CreateContactTest"/>
  <testcase name="modifyContactTest" time="0.001" classname="com.crm.comCastContactTest.CreateContactTest"/>
  <testcase name="createOrgTest" time="0.0" classname="com.crm.comCastOrgTest.CreateOrgTest"/>
  <testcase name="modifyOrgTest" time="0.0" classname="com.crm.comCastOrgTest.CreateOrgTest"/>
</testsuite> <!-- Test -->
